[2020-06-21T00:38:27,153][WARN ][o.e.c.l.LogConfigurator  ] [node-1] Some logging configurations have %marker but don't have %node_name. We will automatically add %node_name to the pattern to ease the migration for users who customize log4j2.properties but will stop this behavior in 7.0. You should manually replace `%node_name` with `[%node_name]%marker ` in these locations:
  D:\github\java\elasticsearch\config\log4j2.properties
[2020-06-21T00:38:31,879][ERROR][o.e.b.Bootstrap          ] [node-1] Exception
java.lang.IllegalStateException: modules directory [D:\github\java\elasticsearch\data\modules] not found
	at org.elasticsearch.bootstrap.Spawner.spawnNativeControllers(Spawner.java:66) ~[main/:?]
	at org.elasticsearch.bootstrap.Bootstrap.setup(Bootstrap.java:167) ~[main/:?]
	at org.elasticsearch.bootstrap.Bootstrap.init(Bootstrap.java:349) [main/:?]
	at org.elasticsearch.bootstrap.Elasticsearch.init(Elasticsearch.java:159) [main/:?]
	at org.elasticsearch.bootstrap.Elasticsearch.execute(Elasticsearch.java:150) [main/:?]
	at org.elasticsearch.cli.EnvironmentAwareCommand.execute(EnvironmentAwareCommand.java:86) [main/:?]
	at org.elasticsearch.cli.Command.mainWithoutErrorHandling(Command.java:124) [elasticsearch-cli-7.2.1-SNAPSHOT.jar:?]
	at org.elasticsearch.cli.Command.main(Command.java:90) [elasticsearch-cli-7.2.1-SNAPSHOT.jar:?]
	at org.elasticsearch.bootstrap.Elasticsearch.main(Elasticsearch.java:115) [main/:?]
	at org.elasticsearch.bootstrap.Elasticsearch.main(Elasticsearch.java:92) [main/:?]
[2020-06-21T00:38:31,946][WARN ][o.e.b.ElasticsearchUncaughtExceptionHandler] [node-1] uncaught exception in thread [main]
org.elasticsearch.bootstrap.StartupException: java.lang.IllegalStateException: modules directory [D:\github\java\elasticsearch\data\modules] not found
	at org.elasticsearch.bootstrap.Elasticsearch.init(Elasticsearch.java:163) ~[main/:?]
	at org.elasticsearch.bootstrap.Elasticsearch.execute(Elasticsearch.java:150) ~[main/:?]
	at org.elasticsearch.cli.EnvironmentAwareCommand.execute(EnvironmentAwareCommand.java:86) ~[main/:?]
	at org.elasticsearch.cli.Command.mainWithoutErrorHandling(Command.java:124) ~[elasticsearch-cli-7.2.1-SNAPSHOT.jar:?]
	at org.elasticsearch.cli.Command.main(Command.java:90) ~[elasticsearch-cli-7.2.1-SNAPSHOT.jar:?]
	at org.elasticsearch.bootstrap.Elasticsearch.main(Elasticsearch.java:115) ~[main/:?]
	at org.elasticsearch.bootstrap.Elasticsearch.main(Elasticsearch.java:92) ~[main/:?]
Caused by: java.lang.IllegalStateException: modules directory [D:\github\java\elasticsearch\data\modules] not found
	at org.elasticsearch.bootstrap.Spawner.spawnNativeControllers(Spawner.java:66) ~[main/:?]
	at org.elasticsearch.bootstrap.Bootstrap.setup(Bootstrap.java:167) ~[main/:?]
	at org.elasticsearch.bootstrap.Bootstrap.init(Bootstrap.java:349) ~[main/:?]
	at org.elasticsearch.bootstrap.Elasticsearch.init(Elasticsearch.java:159) ~[main/:?]
	... 6 more
[2020-06-21T00:41:55,361][WARN ][o.e.c.l.LogConfigurator  ] [node-1] Some logging configurations have %marker but don't have %node_name. We will automatically add %node_name to the pattern to ease the migration for users who customize log4j2.properties but will stop this behavior in 7.0. You should manually replace `%node_name` with `[%node_name]%marker ` in these locations:
  D:\github\java\elasticsearch\config\log4j2.properties
[2020-06-21T00:42:34,846][INFO ][o.e.e.NodeEnvironment    ] [node-1] using [1] data paths, mounts [[代码 (D:)]], net usable_space [4.9gb], net total_space [9.9gb], types [NTFS]
[2020-06-21T00:42:34,850][INFO ][o.e.e.NodeEnvironment    ] [node-1] heap size [3.7gb], compressed ordinary object pointers [true]
[2020-06-21T00:42:35,008][INFO ][o.e.n.Node               ] [node-1] node name [node-1], node ID [E88oRrJFTdSODmyZgyoXjQ], cluster name [elasticsearch]
[2020-06-21T00:42:35,013][INFO ][o.e.n.Node               ] [node-1] version[7.2.1], pid[7256], build[unknown/unknown/Unknown/Unknown], OS[Windows 10/10.0/amd64], JVM[Oracle Corporation/Java HotSpot(TM) 64-Bit Server VM/12.0.2/12.0.2+10]
[2020-06-21T00:42:35,017][INFO ][o.e.n.Node               ] [node-1] JVM home [E:\Java\jdk12]
[2020-06-21T00:42:35,020][INFO ][o.e.n.Node               ] [node-1] JVM arguments [-Des.path.conf=D:\github\java\elasticsearch\config, -Des.path.home=D:\github\java\elasticsearch\data, -Djava.security.policy=D:\github\java\elasticsearch\config\java.policy, -Dlog4j2.disable.jmx=true, -agentlib:jdwp=transport=dt_socket,server=n,suspend=y,address=57621, -Dfile.encoding=GBK, -Duser.country=CN, -Duser.language=zh, -Duser.variant]
[2020-06-21T00:42:35,251][INFO ][o.e.p.PluginsService     ] [node-1] no modules loaded
[2020-06-21T00:42:35,255][INFO ][o.e.p.PluginsService     ] [node-1] no plugins loaded
[2020-06-21T00:44:22,794][ERROR][o.e.b.Bootstrap          ] [node-1] Exception
java.lang.IllegalStateException: Unsupported transport.type []
	at org.elasticsearch.common.network.NetworkModule.getTransportSupplier(NetworkModule.java:210) ~[main/:?]
	at org.elasticsearch.node.Node.<init>(Node.java:466) ~[main/:?]
	at org.elasticsearch.node.Node.<init>(Node.java:251) ~[main/:?]
	at org.elasticsearch.bootstrap.Bootstrap$5.<init>(Bootstrap.java:221) ~[main/:?]
	at org.elasticsearch.bootstrap.Bootstrap.setup(Bootstrap.java:221) ~[main/:?]
	at org.elasticsearch.bootstrap.Bootstrap.init(Bootstrap.java:349) [main/:?]
	at org.elasticsearch.bootstrap.Elasticsearch.init(Elasticsearch.java:159) [main/:?]
	at org.elasticsearch.bootstrap.Elasticsearch.execute(Elasticsearch.java:150) [main/:?]
	at org.elasticsearch.cli.EnvironmentAwareCommand.execute(EnvironmentAwareCommand.java:86) [main/:?]
	at org.elasticsearch.cli.Command.mainWithoutErrorHandling(Command.java:124) [elasticsearch-cli-7.2.1-SNAPSHOT.jar:?]
	at org.elasticsearch.cli.Command.main(Command.java:90) [elasticsearch-cli-7.2.1-SNAPSHOT.jar:?]
	at org.elasticsearch.bootstrap.Elasticsearch.main(Elasticsearch.java:115) [main/:?]
	at org.elasticsearch.bootstrap.Elasticsearch.main(Elasticsearch.java:92) [main/:?]
[2020-06-21T00:44:22,887][WARN ][o.e.b.ElasticsearchUncaughtExceptionHandler] [node-1] uncaught exception in thread [main]
org.elasticsearch.bootstrap.StartupException: java.lang.IllegalStateException: Unsupported transport.type []
	at org.elasticsearch.bootstrap.Elasticsearch.init(Elasticsearch.java:163) ~[main/:?]
	at org.elasticsearch.bootstrap.Elasticsearch.execute(Elasticsearch.java:150) ~[main/:?]
	at org.elasticsearch.cli.EnvironmentAwareCommand.execute(EnvironmentAwareCommand.java:86) ~[main/:?]
	at org.elasticsearch.cli.Command.mainWithoutErrorHandling(Command.java:124) ~[elasticsearch-cli-7.2.1-SNAPSHOT.jar:?]
	at org.elasticsearch.cli.Command.main(Command.java:90) ~[elasticsearch-cli-7.2.1-SNAPSHOT.jar:?]
	at org.elasticsearch.bootstrap.Elasticsearch.main(Elasticsearch.java:115) ~[main/:?]
	at org.elasticsearch.bootstrap.Elasticsearch.main(Elasticsearch.java:92) ~[main/:?]
Caused by: java.lang.IllegalStateException: Unsupported transport.type []
	at org.elasticsearch.common.network.NetworkModule.getTransportSupplier(NetworkModule.java:210) ~[main/:?]
	at org.elasticsearch.node.Node.<init>(Node.java:466) ~[main/:?]
	at org.elasticsearch.node.Node.<init>(Node.java:251) ~[main/:?]
	at org.elasticsearch.bootstrap.Bootstrap$5.<init>(Bootstrap.java:221) ~[main/:?]
	at org.elasticsearch.bootstrap.Bootstrap.setup(Bootstrap.java:221) ~[main/:?]
	at org.elasticsearch.bootstrap.Bootstrap.init(Bootstrap.java:349) ~[main/:?]
	at org.elasticsearch.bootstrap.Elasticsearch.init(Elasticsearch.java:159) ~[main/:?]
	... 6 more
[2020-06-21T00:48:06,294][WARN ][o.e.c.l.LogConfigurator  ] [node-1] Some logging configurations have %marker but don't have %node_name. We will automatically add %node_name to the pattern to ease the migration for users who customize log4j2.properties but will stop this behavior in 7.0. You should manually replace `%node_name` with `[%node_name]%marker ` in these locations:
  D:\github\java\elasticsearch\config\log4j2.properties
[2020-06-21T00:48:07,486][INFO ][o.e.e.NodeEnvironment    ] [node-1] using [1] data paths, mounts [[代码 (D:)]], net usable_space [4.9gb], net total_space [9.9gb], types [NTFS]
[2020-06-21T00:48:07,487][INFO ][o.e.e.NodeEnvironment    ] [node-1] heap size [3.7gb], compressed ordinary object pointers [true]
[2020-06-21T00:48:07,493][INFO ][o.e.n.Node               ] [node-1] node name [node-1], node ID [E88oRrJFTdSODmyZgyoXjQ], cluster name [elasticsearch]
[2020-06-21T00:48:07,494][INFO ][o.e.n.Node               ] [node-1] version[7.2.1], pid[5128], build[unknown/unknown/Unknown/Unknown], OS[Windows 10/10.0/amd64], JVM[Oracle Corporation/Java HotSpot(TM) 64-Bit Server VM/12.0.2/12.0.2+10]
[2020-06-21T00:48:07,494][INFO ][o.e.n.Node               ] [node-1] JVM home [E:\Java\jdk12]
[2020-06-21T00:48:07,495][INFO ][o.e.n.Node               ] [node-1] JVM arguments [-Des.path.conf=D:\github\java\elasticsearch\config, -Des.path.home=D:\github\java\elasticsearch\data, -Djava.security.policy=D:\github\java\elasticsearch\config\java.policy, -Dlog4j2.disable.jmx=true, -agentlib:jdwp=transport=dt_socket,server=n,suspend=y,address=57870, -Dfile.encoding=GBK, -Duser.country=CN, -Duser.language=zh, -Duser.variant]
[2020-06-21T00:48:07,507][INFO ][o.e.p.PluginsService     ] [node-1] no modules loaded
[2020-06-21T00:48:07,508][INFO ][o.e.p.PluginsService     ] [node-1] no plugins loaded
[2020-06-21T00:48:10,305][ERROR][o.e.b.Bootstrap          ] [node-1] Exception
java.lang.IllegalStateException: Unsupported transport.type []
	at org.elasticsearch.common.network.NetworkModule.getTransportSupplier(NetworkModule.java:210) ~[main/:?]
	at org.elasticsearch.node.Node.<init>(Node.java:466) ~[main/:?]
	at org.elasticsearch.node.Node.<init>(Node.java:251) ~[main/:?]
	at org.elasticsearch.bootstrap.Bootstrap$5.<init>(Bootstrap.java:221) ~[main/:?]
	at org.elasticsearch.bootstrap.Bootstrap.setup(Bootstrap.java:221) ~[main/:?]
	at org.elasticsearch.bootstrap.Bootstrap.init(Bootstrap.java:349) [main/:?]
	at org.elasticsearch.bootstrap.Elasticsearch.init(Elasticsearch.java:159) [main/:?]
	at org.elasticsearch.bootstrap.Elasticsearch.execute(Elasticsearch.java:150) [main/:?]
	at org.elasticsearch.cli.EnvironmentAwareCommand.execute(EnvironmentAwareCommand.java:86) [main/:?]
	at org.elasticsearch.cli.Command.mainWithoutErrorHandling(Command.java:124) [elasticsearch-cli-7.2.1-SNAPSHOT.jar:?]
	at org.elasticsearch.cli.Command.main(Command.java:90) [elasticsearch-cli-7.2.1-SNAPSHOT.jar:?]
	at org.elasticsearch.bootstrap.Elasticsearch.main(Elasticsearch.java:115) [main/:?]
	at org.elasticsearch.bootstrap.Elasticsearch.main(Elasticsearch.java:92) [main/:?]
[2020-06-21T00:48:10,316][WARN ][o.e.b.ElasticsearchUncaughtExceptionHandler] [node-1] uncaught exception in thread [main]
org.elasticsearch.bootstrap.StartupException: java.lang.IllegalStateException: Unsupported transport.type []
	at org.elasticsearch.bootstrap.Elasticsearch.init(Elasticsearch.java:163) ~[main/:?]
	at org.elasticsearch.bootstrap.Elasticsearch.execute(Elasticsearch.java:150) ~[main/:?]
	at org.elasticsearch.cli.EnvironmentAwareCommand.execute(EnvironmentAwareCommand.java:86) ~[main/:?]
	at org.elasticsearch.cli.Command.mainWithoutErrorHandling(Command.java:124) ~[elasticsearch-cli-7.2.1-SNAPSHOT.jar:?]
	at org.elasticsearch.cli.Command.main(Command.java:90) ~[elasticsearch-cli-7.2.1-SNAPSHOT.jar:?]
	at org.elasticsearch.bootstrap.Elasticsearch.main(Elasticsearch.java:115) ~[main/:?]
	at org.elasticsearch.bootstrap.Elasticsearch.main(Elasticsearch.java:92) ~[main/:?]
Caused by: java.lang.IllegalStateException: Unsupported transport.type []
	at org.elasticsearch.common.network.NetworkModule.getTransportSupplier(NetworkModule.java:210) ~[main/:?]
	at org.elasticsearch.node.Node.<init>(Node.java:466) ~[main/:?]
	at org.elasticsearch.node.Node.<init>(Node.java:251) ~[main/:?]
	at org.elasticsearch.bootstrap.Bootstrap$5.<init>(Bootstrap.java:221) ~[main/:?]
	at org.elasticsearch.bootstrap.Bootstrap.setup(Bootstrap.java:221) ~[main/:?]
	at org.elasticsearch.bootstrap.Bootstrap.init(Bootstrap.java:349) ~[main/:?]
	at org.elasticsearch.bootstrap.Elasticsearch.init(Elasticsearch.java:159) ~[main/:?]
	... 6 more
[2020-06-21T01:27:41,331][WARN ][o.e.c.l.LogConfigurator  ] [node-1] Some logging configurations have %marker but don't have %node_name. We will automatically add %node_name to the pattern to ease the migration for users who customize log4j2.properties but will stop this behavior in 7.0. You should manually replace `%node_name` with `[%node_name]%marker ` in these locations:
  D:\github\java\elasticsearch\config\log4j2.properties
[2020-06-21T01:27:42,480][INFO ][o.e.e.NodeEnvironment    ] [node-1] using [1] data paths, mounts [[代码 (D:)]], net usable_space [4.9gb], net total_space [9.9gb], types [NTFS]
[2020-06-21T01:27:42,480][INFO ][o.e.e.NodeEnvironment    ] [node-1] heap size [3.7gb], compressed ordinary object pointers [true]
[2020-06-21T01:27:42,485][INFO ][o.e.n.Node               ] [node-1] node name [node-1], node ID [E88oRrJFTdSODmyZgyoXjQ], cluster name [elasticsearch]
[2020-06-21T01:27:42,485][INFO ][o.e.n.Node               ] [node-1] version[7.2.1], pid[6964], build[unknown/unknown/Unknown/Unknown], OS[Windows 10/10.0/amd64], JVM[Oracle Corporation/Java HotSpot(TM) 64-Bit Server VM/12.0.2/12.0.2+10]
[2020-06-21T01:27:42,486][INFO ][o.e.n.Node               ] [node-1] JVM home [E:\Java\jdk12]
[2020-06-21T01:27:42,486][INFO ][o.e.n.Node               ] [node-1] JVM arguments [-Des.path.conf=D:\github\java\elasticsearch\config, -Des.path.home=D:\github\java\elasticsearch\data, -Djava.security.policy=D:\github\java\elasticsearch\config\java.policy, -Dlog4j2.disable.jmx=true, -Dfile.encoding=GBK, -Duser.country=CN, -Duser.language=zh, -Duser.variant]
[2020-06-21T01:27:42,495][INFO ][o.e.p.PluginsService     ] [node-1] no modules loaded
[2020-06-21T01:27:42,496][INFO ][o.e.p.PluginsService     ] [node-1] no plugins loaded
[2020-06-21T01:27:45,313][ERROR][o.e.b.Bootstrap          ] [node-1] Exception
java.lang.IllegalStateException: Unsupported transport.type []
	at org.elasticsearch.common.network.NetworkModule.getTransportSupplier(NetworkModule.java:210) ~[main/:?]
	at org.elasticsearch.node.Node.<init>(Node.java:466) ~[main/:?]
	at org.elasticsearch.node.Node.<init>(Node.java:251) ~[main/:?]
	at org.elasticsearch.bootstrap.Bootstrap$5.<init>(Bootstrap.java:221) ~[main/:?]
	at org.elasticsearch.bootstrap.Bootstrap.setup(Bootstrap.java:221) ~[main/:?]
	at org.elasticsearch.bootstrap.Bootstrap.init(Bootstrap.java:349) [main/:?]
	at org.elasticsearch.bootstrap.Elasticsearch.init(Elasticsearch.java:159) [main/:?]
	at org.elasticsearch.bootstrap.Elasticsearch.execute(Elasticsearch.java:150) [main/:?]
	at org.elasticsearch.cli.EnvironmentAwareCommand.execute(EnvironmentAwareCommand.java:86) [main/:?]
	at org.elasticsearch.cli.Command.mainWithoutErrorHandling(Command.java:124) [elasticsearch-cli-7.2.1-SNAPSHOT.jar:?]
	at org.elasticsearch.cli.Command.main(Command.java:90) [elasticsearch-cli-7.2.1-SNAPSHOT.jar:?]
	at org.elasticsearch.bootstrap.Elasticsearch.main(Elasticsearch.java:115) [main/:?]
	at org.elasticsearch.bootstrap.Elasticsearch.main(Elasticsearch.java:92) [main/:?]
[2020-06-21T01:27:45,323][WARN ][o.e.b.ElasticsearchUncaughtExceptionHandler] [node-1] uncaught exception in thread [main]
org.elasticsearch.bootstrap.StartupException: java.lang.IllegalStateException: Unsupported transport.type []
	at org.elasticsearch.bootstrap.Elasticsearch.init(Elasticsearch.java:163) ~[main/:?]
	at org.elasticsearch.bootstrap.Elasticsearch.execute(Elasticsearch.java:150) ~[main/:?]
	at org.elasticsearch.cli.EnvironmentAwareCommand.execute(EnvironmentAwareCommand.java:86) ~[main/:?]
	at org.elasticsearch.cli.Command.mainWithoutErrorHandling(Command.java:124) ~[elasticsearch-cli-7.2.1-SNAPSHOT.jar:?]
	at org.elasticsearch.cli.Command.main(Command.java:90) ~[elasticsearch-cli-7.2.1-SNAPSHOT.jar:?]
	at org.elasticsearch.bootstrap.Elasticsearch.main(Elasticsearch.java:115) ~[main/:?]
	at org.elasticsearch.bootstrap.Elasticsearch.main(Elasticsearch.java:92) ~[main/:?]
Caused by: java.lang.IllegalStateException: Unsupported transport.type []
	at org.elasticsearch.common.network.NetworkModule.getTransportSupplier(NetworkModule.java:210) ~[main/:?]
	at org.elasticsearch.node.Node.<init>(Node.java:466) ~[main/:?]
	at org.elasticsearch.node.Node.<init>(Node.java:251) ~[main/:?]
	at org.elasticsearch.bootstrap.Bootstrap$5.<init>(Bootstrap.java:221) ~[main/:?]
	at org.elasticsearch.bootstrap.Bootstrap.setup(Bootstrap.java:221) ~[main/:?]
	at org.elasticsearch.bootstrap.Bootstrap.init(Bootstrap.java:349) ~[main/:?]
	at org.elasticsearch.bootstrap.Elasticsearch.init(Elasticsearch.java:159) ~[main/:?]
	... 6 more
[2020-06-21T10:10:21,359][WARN ][o.e.c.l.LogConfigurator  ] [node-1] Some logging configurations have %marker but don't have %node_name. We will automatically add %node_name to the pattern to ease the migration for users who customize log4j2.properties but will stop this behavior in 7.0. You should manually replace `%node_name` with `[%node_name]%marker ` in these locations:
  D:\github\java\elasticsearch\config\log4j2.properties
[2020-06-21T10:10:22,802][INFO ][o.e.e.NodeEnvironment    ] [node-1] using [1] data paths, mounts [[代码 (D:)]], net usable_space [4.7gb], net total_space [9.9gb], types [NTFS]
[2020-06-21T10:10:22,803][INFO ][o.e.e.NodeEnvironment    ] [node-1] heap size [3.7gb], compressed ordinary object pointers [true]
[2020-06-21T10:10:22,808][INFO ][o.e.n.Node               ] [node-1] node name [node-1], node ID [E88oRrJFTdSODmyZgyoXjQ], cluster name [elasticsearch]
[2020-06-21T10:10:22,808][INFO ][o.e.n.Node               ] [node-1] version[7.2.1], pid[13676], build[unknown/unknown/Unknown/Unknown], OS[Windows 10/10.0/amd64], JVM[Oracle Corporation/Java HotSpot(TM) 64-Bit Server VM/12.0.2/12.0.2+10]
[2020-06-21T10:10:22,809][INFO ][o.e.n.Node               ] [node-1] JVM home [E:\Java\jdk12]
[2020-06-21T10:10:22,809][INFO ][o.e.n.Node               ] [node-1] JVM arguments [-Des.path.conf=D:\github\java\elasticsearch\config, -Des.path.home=D:\github\java\elasticsearch\data, -Djava.security.policy=D:\github\java\elasticsearch\config\java.policy, -Dlog4j2.disable.jmx=true, -Dfile.encoding=GBK, -Duser.country=CN, -Duser.language=zh, -Duser.variant]
[2020-06-21T10:10:23,386][ERROR][o.e.b.ElasticsearchUncaughtExceptionHandler] [node-1] fatal error in thread [main], exiting
java.lang.NoClassDefFoundError: org/elasticsearch/plugins/ExtendedPluginsClassLoader
	at org.elasticsearch.plugins.PluginsService.loadBundle(PluginsService.java:545) ~[main/:?]
	at org.elasticsearch.plugins.PluginsService.loadBundles(PluginsService.java:471) ~[main/:?]
	at org.elasticsearch.plugins.PluginsService.<init>(PluginsService.java:163) ~[main/:?]
	at org.elasticsearch.node.Node.<init>(Node.java:307) ~[main/:?]
	at org.elasticsearch.node.Node.<init>(Node.java:251) ~[main/:?]
	at org.elasticsearch.bootstrap.Bootstrap$5.<init>(Bootstrap.java:221) ~[main/:?]
	at org.elasticsearch.bootstrap.Bootstrap.setup(Bootstrap.java:221) ~[main/:?]
	at org.elasticsearch.bootstrap.Bootstrap.init(Bootstrap.java:349) ~[main/:?]
	at org.elasticsearch.bootstrap.Elasticsearch.init(Elasticsearch.java:159) ~[main/:?]
	at org.elasticsearch.bootstrap.Elasticsearch.execute(Elasticsearch.java:150) ~[main/:?]
	at org.elasticsearch.cli.EnvironmentAwareCommand.execute(EnvironmentAwareCommand.java:86) ~[main/:?]
	at org.elasticsearch.cli.Command.mainWithoutErrorHandling(Command.java:124) ~[elasticsearch-cli-7.2.1-SNAPSHOT.jar:?]
	at org.elasticsearch.cli.Command.main(Command.java:90) ~[elasticsearch-cli-7.2.1-SNAPSHOT.jar:?]
	at org.elasticsearch.bootstrap.Elasticsearch.main(Elasticsearch.java:115) ~[main/:?]
	at org.elasticsearch.bootstrap.Elasticsearch.main(Elasticsearch.java:92) ~[main/:?]
Caused by: java.lang.ClassNotFoundException: org.elasticsearch.plugins.ExtendedPluginsClassLoader
	at jdk.internal.loader.BuiltinClassLoader.loadClass(BuiltinClassLoader.java:583) ~[?:?]
	at jdk.internal.loader.ClassLoaders$AppClassLoader.loadClass(ClassLoaders.java:178) ~[?:?]
	at java.lang.ClassLoader.loadClass(ClassLoader.java:521) ~[?:?]
	... 15 more
[2020-06-21T10:16:19,704][WARN ][o.e.c.l.LogConfigurator  ] [node-1] Some logging configurations have %marker but don't have %node_name. We will automatically add %node_name to the pattern to ease the migration for users who customize log4j2.properties but will stop this behavior in 7.0. You should manually replace `%node_name` with `[%node_name]%marker ` in these locations:
  D:\github\java\elasticsearch\config\log4j2.properties
[2020-06-21T10:16:20,889][INFO ][o.e.e.NodeEnvironment    ] [node-1] using [1] data paths, mounts [[代码 (D:)]], net usable_space [4.7gb], net total_space [9.9gb], types [NTFS]
[2020-06-21T10:16:20,889][INFO ][o.e.e.NodeEnvironment    ] [node-1] heap size [3.7gb], compressed ordinary object pointers [true]
[2020-06-21T10:16:20,893][INFO ][o.e.n.Node               ] [node-1] node name [node-1], node ID [E88oRrJFTdSODmyZgyoXjQ], cluster name [elasticsearch]
[2020-06-21T10:16:20,894][INFO ][o.e.n.Node               ] [node-1] version[7.2.1], pid[4400], build[unknown/unknown/Unknown/Unknown], OS[Windows 10/10.0/amd64], JVM[Oracle Corporation/Java HotSpot(TM) 64-Bit Server VM/12.0.2/12.0.2+10]
[2020-06-21T10:16:20,894][INFO ][o.e.n.Node               ] [node-1] JVM home [E:\Java\jdk12]
[2020-06-21T10:16:20,895][INFO ][o.e.n.Node               ] [node-1] JVM arguments [-Des.path.conf=D:\github\java\elasticsearch\config, -Des.path.home=D:\github\java\elasticsearch\data, -Djava.security.policy=D:\github\java\elasticsearch\config\java.policy, -Dlog4j2.disable.jmx=true, -Dfile.encoding=GBK, -Duser.country=CN, -Duser.language=zh, -Duser.variant]
[2020-06-21T10:16:21,471][ERROR][o.e.b.ElasticsearchUncaughtExceptionHandler] [node-1] fatal error in thread [main], exiting
java.lang.NoClassDefFoundError: org/elasticsearch/plugins/ExtendedPluginsClassLoader
	at org.elasticsearch.plugins.PluginsService.loadBundle(PluginsService.java:545) ~[main/:?]
	at org.elasticsearch.plugins.PluginsService.loadBundles(PluginsService.java:471) ~[main/:?]
	at org.elasticsearch.plugins.PluginsService.<init>(PluginsService.java:163) ~[main/:?]
	at org.elasticsearch.node.Node.<init>(Node.java:307) ~[main/:?]
	at org.elasticsearch.node.Node.<init>(Node.java:251) ~[main/:?]
	at org.elasticsearch.bootstrap.Bootstrap$5.<init>(Bootstrap.java:221) ~[main/:?]
	at org.elasticsearch.bootstrap.Bootstrap.setup(Bootstrap.java:221) ~[main/:?]
	at org.elasticsearch.bootstrap.Bootstrap.init(Bootstrap.java:349) ~[main/:?]
	at org.elasticsearch.bootstrap.Elasticsearch.init(Elasticsearch.java:159) ~[main/:?]
	at org.elasticsearch.bootstrap.Elasticsearch.execute(Elasticsearch.java:150) ~[main/:?]
	at org.elasticsearch.cli.EnvironmentAwareCommand.execute(EnvironmentAwareCommand.java:86) ~[main/:?]
	at org.elasticsearch.cli.Command.mainWithoutErrorHandling(Command.java:124) ~[elasticsearch-cli-7.2.1-SNAPSHOT.jar:?]
	at org.elasticsearch.cli.Command.main(Command.java:90) ~[elasticsearch-cli-7.2.1-SNAPSHOT.jar:?]
	at org.elasticsearch.bootstrap.Elasticsearch.main(Elasticsearch.java:115) ~[main/:?]
	at org.elasticsearch.bootstrap.Elasticsearch.main(Elasticsearch.java:92) ~[main/:?]
Caused by: java.lang.ClassNotFoundException: org.elasticsearch.plugins.ExtendedPluginsClassLoader
	at jdk.internal.loader.BuiltinClassLoader.loadClass(BuiltinClassLoader.java:583) ~[?:?]
	at jdk.internal.loader.ClassLoaders$AppClassLoader.loadClass(ClassLoaders.java:178) ~[?:?]
	at java.lang.ClassLoader.loadClass(ClassLoader.java:521) ~[?:?]
	... 15 more
[2020-06-21T10:36:58,573][WARN ][o.e.c.l.LogConfigurator  ] [node-1] Some logging configurations have %marker but don't have %node_name. We will automatically add %node_name to the pattern to ease the migration for users who customize log4j2.properties but will stop this behavior in 7.0. You should manually replace `%node_name` with `[%node_name]%marker ` in these locations:
  D:\github\java\elasticsearch\config\log4j2.properties
[2020-06-21T10:39:51,981][INFO ][o.e.e.NodeEnvironment    ] [node-1] using [1] data paths, mounts [[代码 (D:)]], net usable_space [4.7gb], net total_space [9.9gb], types [NTFS]
[2020-06-21T10:39:51,985][INFO ][o.e.e.NodeEnvironment    ] [node-1] heap size [3.7gb], compressed ordinary object pointers [true]
[2020-06-21T10:39:52,126][INFO ][o.e.n.Node               ] [node-1] node name [node-1], node ID [E88oRrJFTdSODmyZgyoXjQ], cluster name [elasticsearch]
[2020-06-21T10:39:52,129][INFO ][o.e.n.Node               ] [node-1] version[7.2.1], pid[6548], build[unknown/unknown/Unknown/Unknown], OS[Windows 10/10.0/amd64], JVM[Oracle Corporation/Java HotSpot(TM) 64-Bit Server VM/12.0.2/12.0.2+10]
[2020-06-21T10:39:52,133][INFO ][o.e.n.Node               ] [node-1] JVM home [E:\Java\jdk12]
[2020-06-21T10:39:52,135][INFO ][o.e.n.Node               ] [node-1] JVM arguments [-Des.path.conf=D:\github\java\elasticsearch\config, -Des.path.home=D:\github\java\elasticsearch\data, -Djava.security.policy=D:\github\java\elasticsearch\config\java.policy, -Dlog4j2.disable.jmx=true, -agentlib:jdwp=transport=dt_socket,server=n,suspend=y,address=61609, -Dfile.encoding=GBK, -Duser.country=CN, -Duser.language=zh, -Duser.variant]
[2020-06-21T10:41:16,079][ERROR][o.e.b.ElasticsearchUncaughtExceptionHandler] [node-1] fatal error in thread [main], exiting
java.lang.NoClassDefFoundError: org/elasticsearch/plugins/ExtendedPluginsClassLoader
	at org.elasticsearch.plugins.PluginsService.loadBundle(PluginsService.java:545) ~[main/:?]
	at org.elasticsearch.plugins.PluginsService.loadBundles(PluginsService.java:471) ~[main/:?]
	at org.elasticsearch.plugins.PluginsService.<init>(PluginsService.java:163) ~[main/:?]
	at org.elasticsearch.node.Node.<init>(Node.java:307) ~[main/:?]
	at org.elasticsearch.node.Node.<init>(Node.java:251) ~[main/:?]
	at org.elasticsearch.bootstrap.Bootstrap$5.<init>(Bootstrap.java:221) ~[main/:?]
	at org.elasticsearch.bootstrap.Bootstrap.setup(Bootstrap.java:221) ~[main/:?]
	at org.elasticsearch.bootstrap.Bootstrap.init(Bootstrap.java:349) ~[main/:?]
	at org.elasticsearch.bootstrap.Elasticsearch.init(Elasticsearch.java:159) ~[main/:?]
	at org.elasticsearch.bootstrap.Elasticsearch.execute(Elasticsearch.java:150) ~[main/:?]
	at org.elasticsearch.cli.EnvironmentAwareCommand.execute(EnvironmentAwareCommand.java:86) ~[main/:?]
	at org.elasticsearch.cli.Command.mainWithoutErrorHandling(Command.java:124) ~[elasticsearch-cli-7.2.1-SNAPSHOT.jar:?]
	at org.elasticsearch.cli.Command.main(Command.java:90) ~[elasticsearch-cli-7.2.1-SNAPSHOT.jar:?]
	at org.elasticsearch.bootstrap.Elasticsearch.main(Elasticsearch.java:115) ~[main/:?]
	at org.elasticsearch.bootstrap.Elasticsearch.main(Elasticsearch.java:92) ~[main/:?]
Caused by: java.lang.ClassNotFoundException: org.elasticsearch.plugins.ExtendedPluginsClassLoader
	at jdk.internal.loader.BuiltinClassLoader.loadClass(BuiltinClassLoader.java:583) ~[?:?]
	at jdk.internal.loader.ClassLoaders$AppClassLoader.loadClass(ClassLoaders.java:178) ~[?:?]
	at java.lang.ClassLoader.loadClass(ClassLoader.java:521) ~[?:?]
	... 15 more
[2020-06-21T10:47:20,215][WARN ][o.e.c.l.LogConfigurator  ] [node-1] Some logging configurations have %marker but don't have %node_name. We will automatically add %node_name to the pattern to ease the migration for users who customize log4j2.properties but will stop this behavior in 7.0. You should manually replace `%node_name` with `[%node_name]%marker ` in these locations:
  D:\github\java\elasticsearch\config\log4j2.properties
[2020-06-21T10:47:21,591][INFO ][o.e.e.NodeEnvironment    ] [node-1] using [1] data paths, mounts [[代码 (D:)]], net usable_space [4.7gb], net total_space [9.9gb], types [NTFS]
[2020-06-21T10:47:21,592][INFO ][o.e.e.NodeEnvironment    ] [node-1] heap size [3.7gb], compressed ordinary object pointers [true]
[2020-06-21T10:47:21,599][INFO ][o.e.n.Node               ] [node-1] node name [node-1], node ID [E88oRrJFTdSODmyZgyoXjQ], cluster name [elasticsearch]
[2020-06-21T10:47:21,600][INFO ][o.e.n.Node               ] [node-1] version[7.2.1], pid[2380], build[unknown/unknown/Unknown/Unknown], OS[Windows 10/10.0/amd64], JVM[Oracle Corporation/Java HotSpot(TM) 64-Bit Server VM/12.0.2/12.0.2+10]
[2020-06-21T10:47:21,601][INFO ][o.e.n.Node               ] [node-1] JVM home [E:\Java\jdk12]
[2020-06-21T10:47:21,602][INFO ][o.e.n.Node               ] [node-1] JVM arguments [-Des.path.conf=D:\github\java\elasticsearch\config, -Des.path.home=D:\github\java\elasticsearch\data, -Djava.security.policy=D:\github\java\elasticsearch\config\java.policy, -Dlog4j2.disable.jmx=true, -Dfile.encoding=GBK, -Duser.country=CN, -Duser.language=zh, -Duser.variant]
[2020-06-21T10:47:22,224][ERROR][o.e.b.ElasticsearchUncaughtExceptionHandler] [node-1] fatal error in thread [main], exiting
java.lang.NoClassDefFoundError: org/elasticsearch/plugins/ExtendedPluginsClassLoader
	at org.elasticsearch.plugins.PluginsService.loadBundle(PluginsService.java:545) ~[main/:?]
	at org.elasticsearch.plugins.PluginsService.loadBundles(PluginsService.java:471) ~[main/:?]
	at org.elasticsearch.plugins.PluginsService.<init>(PluginsService.java:163) ~[main/:?]
	at org.elasticsearch.node.Node.<init>(Node.java:307) ~[main/:?]
	at org.elasticsearch.node.Node.<init>(Node.java:251) ~[main/:?]
	at org.elasticsearch.bootstrap.Bootstrap$5.<init>(Bootstrap.java:221) ~[main/:?]
	at org.elasticsearch.bootstrap.Bootstrap.setup(Bootstrap.java:221) ~[main/:?]
	at org.elasticsearch.bootstrap.Bootstrap.init(Bootstrap.java:349) ~[main/:?]
	at org.elasticsearch.bootstrap.Elasticsearch.init(Elasticsearch.java:159) ~[main/:?]
	at org.elasticsearch.bootstrap.Elasticsearch.execute(Elasticsearch.java:150) ~[main/:?]
	at org.elasticsearch.cli.EnvironmentAwareCommand.execute(EnvironmentAwareCommand.java:86) ~[main/:?]
	at org.elasticsearch.cli.Command.mainWithoutErrorHandling(Command.java:124) ~[elasticsearch-cli-7.2.1-SNAPSHOT.jar:?]
	at org.elasticsearch.cli.Command.main(Command.java:90) ~[elasticsearch-cli-7.2.1-SNAPSHOT.jar:?]
	at org.elasticsearch.bootstrap.Elasticsearch.main(Elasticsearch.java:115) ~[main/:?]
	at org.elasticsearch.bootstrap.Elasticsearch.main(Elasticsearch.java:92) ~[main/:?]
Caused by: java.lang.ClassNotFoundException: org.elasticsearch.plugins.ExtendedPluginsClassLoader
	at jdk.internal.loader.BuiltinClassLoader.loadClass(BuiltinClassLoader.java:583) ~[?:?]
	at jdk.internal.loader.ClassLoaders$AppClassLoader.loadClass(ClassLoaders.java:178) ~[?:?]
	at java.lang.ClassLoader.loadClass(ClassLoader.java:521) ~[?:?]
	... 15 more
[2020-06-21T10:51:37,134][WARN ][o.e.c.l.LogConfigurator  ] [node-1] Some logging configurations have %marker but don't have %node_name. We will automatically add %node_name to the pattern to ease the migration for users who customize log4j2.properties but will stop this behavior in 7.0. You should manually replace `%node_name` with `[%node_name]%marker ` in these locations:
  D:\github\java\elasticsearch\config\log4j2.properties
[2020-06-21T10:51:47,180][INFO ][o.e.e.NodeEnvironment    ] [node-1] using [1] data paths, mounts [[代码 (D:)]], net usable_space [4.7gb], net total_space [9.9gb], types [NTFS]
[2020-06-21T10:51:47,182][INFO ][o.e.e.NodeEnvironment    ] [node-1] heap size [3.7gb], compressed ordinary object pointers [true]
[2020-06-21T10:51:47,192][INFO ][o.e.n.Node               ] [node-1] node name [node-1], node ID [E88oRrJFTdSODmyZgyoXjQ], cluster name [elasticsearch]
[2020-06-21T10:51:47,194][INFO ][o.e.n.Node               ] [node-1] version[7.2.1], pid[7364], build[unknown/unknown/Unknown/Unknown], OS[Windows 10/10.0/amd64], JVM[Oracle Corporation/Java HotSpot(TM) 64-Bit Server VM/12.0.2/12.0.2+10]
[2020-06-21T10:51:47,197][INFO ][o.e.n.Node               ] [node-1] JVM home [E:\Java\jdk12]
[2020-06-21T10:51:47,198][INFO ][o.e.n.Node               ] [node-1] JVM arguments [-Des.path.conf=D:\github\java\elasticsearch\config, -Des.path.home=D:\github\java\elasticsearch\data, -Djava.security.policy=D:\github\java\elasticsearch\config\java.policy, -Dlog4j2.disable.jmx=true, -agentlib:jdwp=transport=dt_socket,server=n,suspend=y,address=61974, -Dfile.encoding=GBK, -Duser.country=CN, -Duser.language=zh, -Duser.variant]
[2020-06-21T10:52:04,628][ERROR][o.e.b.ElasticsearchUncaughtExceptionHandler] [node-1] fatal error in thread [main], exiting
java.lang.NoClassDefFoundError: org/elasticsearch/plugins/ExtendedPluginsClassLoader
	at org.elasticsearch.plugins.PluginsService.loadBundle(PluginsService.java:545) ~[main/:?]
	at org.elasticsearch.plugins.PluginsService.loadBundles(PluginsService.java:471) ~[main/:?]
	at org.elasticsearch.plugins.PluginsService.<init>(PluginsService.java:163) ~[main/:?]
	at org.elasticsearch.node.Node.<init>(Node.java:307) ~[main/:?]
	at org.elasticsearch.node.Node.<init>(Node.java:251) ~[main/:?]
	at org.elasticsearch.bootstrap.Bootstrap$5.<init>(Bootstrap.java:221) ~[main/:?]
	at org.elasticsearch.bootstrap.Bootstrap.setup(Bootstrap.java:221) ~[main/:?]
	at org.elasticsearch.bootstrap.Bootstrap.init(Bootstrap.java:349) ~[main/:?]
	at org.elasticsearch.bootstrap.Elasticsearch.init(Elasticsearch.java:159) ~[main/:?]
	at org.elasticsearch.bootstrap.Elasticsearch.execute(Elasticsearch.java:150) ~[main/:?]
	at org.elasticsearch.cli.EnvironmentAwareCommand.execute(EnvironmentAwareCommand.java:86) ~[main/:?]
	at org.elasticsearch.cli.Command.mainWithoutErrorHandling(Command.java:124) ~[elasticsearch-cli-7.2.1-SNAPSHOT.jar:?]
	at org.elasticsearch.cli.Command.main(Command.java:90) ~[elasticsearch-cli-7.2.1-SNAPSHOT.jar:?]
	at org.elasticsearch.bootstrap.Elasticsearch.main(Elasticsearch.java:115) ~[main/:?]
	at org.elasticsearch.bootstrap.Elasticsearch.main(Elasticsearch.java:92) ~[main/:?]
Caused by: java.lang.ClassNotFoundException: org.elasticsearch.plugins.ExtendedPluginsClassLoader
	at jdk.internal.loader.BuiltinClassLoader.loadClass(BuiltinClassLoader.java:583) ~[?:?]
	at jdk.internal.loader.ClassLoaders$AppClassLoader.loadClass(ClassLoaders.java:178) ~[?:?]
	at java.lang.ClassLoader.loadClass(ClassLoader.java:521) ~[?:?]
	... 15 more
[2020-06-21T10:54:16,344][WARN ][o.e.c.l.LogConfigurator  ] [node-1] Some logging configurations have %marker but don't have %node_name. We will automatically add %node_name to the pattern to ease the migration for users who customize log4j2.properties but will stop this behavior in 7.0. You should manually replace `%node_name` with `[%node_name]%marker ` in these locations:
  D:\github\java\elasticsearch\config\log4j2.properties
[2020-06-21T10:54:17,567][INFO ][o.e.e.NodeEnvironment    ] [node-1] using [1] data paths, mounts [[代码 (D:)]], net usable_space [4.7gb], net total_space [9.9gb], types [NTFS]
[2020-06-21T10:54:17,568][INFO ][o.e.e.NodeEnvironment    ] [node-1] heap size [3.7gb], compressed ordinary object pointers [true]
[2020-06-21T10:54:17,573][INFO ][o.e.n.Node               ] [node-1] node name [node-1], node ID [E88oRrJFTdSODmyZgyoXjQ], cluster name [elasticsearch]
[2020-06-21T10:54:17,573][INFO ][o.e.n.Node               ] [node-1] version[7.2.1], pid[5172], build[unknown/unknown/Unknown/Unknown], OS[Windows 10/10.0/amd64], JVM[Oracle Corporation/Java HotSpot(TM) 64-Bit Server VM/12.0.2/12.0.2+10]
[2020-06-21T10:54:17,574][INFO ][o.e.n.Node               ] [node-1] JVM home [E:\Java\jdk12]
[2020-06-21T10:54:17,574][INFO ][o.e.n.Node               ] [node-1] JVM arguments [-Des.path.conf=D:\github\java\elasticsearch\config, -Des.path.home=D:\github\java\elasticsearch\data, -Djava.security.policy=D:\github\java\elasticsearch\config\java.policy, -Dlog4j2.disable.jmx=true, -agentlib:jdwp=transport=dt_socket,server=n,suspend=y,address=62051, -Dfile.encoding=GBK, -Duser.country=CN, -Duser.language=zh, -Duser.variant]
[2020-06-21T10:57:51,576][ERROR][o.e.b.ElasticsearchUncaughtExceptionHandler] [node-1] fatal error in thread [main], exiting
java.lang.NoClassDefFoundError: org/elasticsearch/plugins/ExtendedPluginsClassLoader
	at org.elasticsearch.plugins.PluginsService.loadBundle(PluginsService.java:545) ~[main/:?]
	at org.elasticsearch.plugins.PluginsService.loadBundles(PluginsService.java:471) ~[main/:?]
	at org.elasticsearch.plugins.PluginsService.<init>(PluginsService.java:163) ~[main/:?]
	at org.elasticsearch.node.Node.<init>(Node.java:307) ~[main/:?]
	at org.elasticsearch.node.Node.<init>(Node.java:251) ~[main/:?]
	at org.elasticsearch.bootstrap.Bootstrap$5.<init>(Bootstrap.java:221) ~[main/:?]
	at org.elasticsearch.bootstrap.Bootstrap.setup(Bootstrap.java:221) ~[main/:?]
	at org.elasticsearch.bootstrap.Bootstrap.init(Bootstrap.java:349) ~[main/:?]
	at org.elasticsearch.bootstrap.Elasticsearch.init(Elasticsearch.java:159) ~[main/:?]
	at org.elasticsearch.bootstrap.Elasticsearch.execute(Elasticsearch.java:150) ~[main/:?]
	at org.elasticsearch.cli.EnvironmentAwareCommand.execute(EnvironmentAwareCommand.java:86) ~[main/:?]
	at org.elasticsearch.cli.Command.mainWithoutErrorHandling(Command.java:124) ~[elasticsearch-cli-7.2.1-SNAPSHOT.jar:?]
	at org.elasticsearch.cli.Command.main(Command.java:90) ~[elasticsearch-cli-7.2.1-SNAPSHOT.jar:?]
	at org.elasticsearch.bootstrap.Elasticsearch.main(Elasticsearch.java:115) ~[main/:?]
	at org.elasticsearch.bootstrap.Elasticsearch.main(Elasticsearch.java:92) ~[main/:?]
Caused by: java.lang.ClassNotFoundException: org.elasticsearch.plugins.ExtendedPluginsClassLoader
	at jdk.internal.loader.BuiltinClassLoader.loadClass(BuiltinClassLoader.java:583) ~[?:?]
	at jdk.internal.loader.ClassLoaders$AppClassLoader.loadClass(ClassLoaders.java:178) ~[?:?]
	at java.lang.ClassLoader.loadClass(ClassLoader.java:521) ~[?:?]
	... 15 more
[2020-06-21T11:17:43,480][WARN ][o.e.c.l.LogConfigurator  ] [node-1] Some logging configurations have %marker but don't have %node_name. We will automatically add %node_name to the pattern to ease the migration for users who customize log4j2.properties but will stop this behavior in 7.0. You should manually replace `%node_name` with `[%node_name]%marker ` in these locations:
  D:\github\java\elasticsearch\config\log4j2.properties
[2020-06-21T11:17:44,731][INFO ][o.e.e.NodeEnvironment    ] [node-1] using [1] data paths, mounts [[代码 (D:)]], net usable_space [4.7gb], net total_space [9.9gb], types [NTFS]
[2020-06-21T11:17:44,731][INFO ][o.e.e.NodeEnvironment    ] [node-1] heap size [3.7gb], compressed ordinary object pointers [true]
[2020-06-21T11:17:44,735][INFO ][o.e.n.Node               ] [node-1] node name [node-1], node ID [E88oRrJFTdSODmyZgyoXjQ], cluster name [elasticsearch]
[2020-06-21T11:17:44,736][INFO ][o.e.n.Node               ] [node-1] version[7.2.1], pid[6988], build[unknown/unknown/Unknown/Unknown], OS[Windows 10/10.0/amd64], JVM[Oracle Corporation/Java HotSpot(TM) 64-Bit Server VM/12.0.2/12.0.2+10]
[2020-06-21T11:17:44,736][INFO ][o.e.n.Node               ] [node-1] JVM home [E:\Java\jdk12]
[2020-06-21T11:17:44,737][INFO ][o.e.n.Node               ] [node-1] JVM arguments [-Des.path.conf=D:\github\java\elasticsearch\config, -Des.path.home=D:\github\java\elasticsearch\data, -Djava.security.policy=D:\github\java\elasticsearch\config\java.policy, -Dlog4j2.disable.jmx=true, -agentlib:jdwp=transport=dt_socket,server=n,suspend=y,address=62593, -Dfile.encoding=GBK, -Duser.country=CN, -Duser.language=zh, -Duser.variant]
[2020-06-21T11:53:17,737][WARN ][o.e.c.l.LogConfigurator  ] [node-1] Some logging configurations have %marker but don't have %node_name. We will automatically add %node_name to the pattern to ease the migration for users who customize log4j2.properties but will stop this behavior in 7.0. You should manually replace `%node_name` with `[%node_name]%marker ` in these locations:
  D:\github\java\elasticsearch\config\log4j2.properties
[2020-06-21T11:53:19,030][INFO ][o.e.e.NodeEnvironment    ] [node-1] using [1] data paths, mounts [[代码 (D:)]], net usable_space [4.7gb], net total_space [9.9gb], types [NTFS]
[2020-06-21T11:53:19,031][INFO ][o.e.e.NodeEnvironment    ] [node-1] heap size [3.7gb], compressed ordinary object pointers [true]
[2020-06-21T11:53:19,037][INFO ][o.e.n.Node               ] [node-1] node name [node-1], node ID [E88oRrJFTdSODmyZgyoXjQ], cluster name [elasticsearch]
[2020-06-21T11:53:19,037][INFO ][o.e.n.Node               ] [node-1] version[7.2.1], pid[6192], build[unknown/unknown/Unknown/Unknown], OS[Windows 10/10.0/amd64], JVM[Oracle Corporation/Java HotSpot(TM) 64-Bit Server VM/12.0.2/12.0.2+10]
[2020-06-21T11:53:19,038][INFO ][o.e.n.Node               ] [node-1] JVM home [E:\Java\jdk12]
[2020-06-21T11:53:19,038][INFO ][o.e.n.Node               ] [node-1] JVM arguments [-Des.path.conf=D:\github\java\elasticsearch\config, -Des.path.home=D:\github\java\elasticsearch\data, -Djava.security.policy=D:\github\java\elasticsearch\config\java.policy, -Dlog4j2.disable.jmx=true, -agentlib:jdwp=transport=dt_socket,server=n,suspend=y,address=63510, -Dfile.encoding=GBK, -Duser.country=CN, -Duser.language=zh, -Duser.variant]
[2020-06-21T11:53:29,260][INFO ][o.e.p.PluginsService     ] [node-1] loaded module [aggs-matrix-stats]
[2020-06-21T11:53:29,260][INFO ][o.e.p.PluginsService     ] [node-1] loaded module [analysis-common]
[2020-06-21T11:53:29,260][INFO ][o.e.p.PluginsService     ] [node-1] loaded module [data-frame]
[2020-06-21T11:53:29,261][INFO ][o.e.p.PluginsService     ] [node-1] loaded module [ingest-common]
[2020-06-21T11:53:29,261][INFO ][o.e.p.PluginsService     ] [node-1] loaded module [ingest-geoip]
[2020-06-21T11:53:29,261][INFO ][o.e.p.PluginsService     ] [node-1] loaded module [ingest-user-agent]
[2020-06-21T11:53:29,262][INFO ][o.e.p.PluginsService     ] [node-1] loaded module [lang-expression]
[2020-06-21T11:53:29,262][INFO ][o.e.p.PluginsService     ] [node-1] loaded module [lang-mustache]
[2020-06-21T11:53:29,262][INFO ][o.e.p.PluginsService     ] [node-1] loaded module [lang-painless]
[2020-06-21T11:53:29,262][INFO ][o.e.p.PluginsService     ] [node-1] loaded module [mapper-extras]
[2020-06-21T11:53:29,262][INFO ][o.e.p.PluginsService     ] [node-1] loaded module [parent-join]
[2020-06-21T11:53:29,263][INFO ][o.e.p.PluginsService     ] [node-1] loaded module [percolator]
[2020-06-21T11:53:29,263][INFO ][o.e.p.PluginsService     ] [node-1] loaded module [rank-eval]
[2020-06-21T11:53:29,263][INFO ][o.e.p.PluginsService     ] [node-1] loaded module [reindex]
[2020-06-21T11:53:29,263][INFO ][o.e.p.PluginsService     ] [node-1] loaded module [repository-url]
[2020-06-21T11:53:29,263][INFO ][o.e.p.PluginsService     ] [node-1] loaded module [transport-netty4]
[2020-06-21T11:53:29,263][INFO ][o.e.p.PluginsService     ] [node-1] loaded module [x-pack-ccr]
[2020-06-21T11:53:29,263][INFO ][o.e.p.PluginsService     ] [node-1] loaded module [x-pack-core]
[2020-06-21T11:53:29,264][INFO ][o.e.p.PluginsService     ] [node-1] loaded module [x-pack-deprecation]
[2020-06-21T11:53:29,264][INFO ][o.e.p.PluginsService     ] [node-1] loaded module [x-pack-graph]
[2020-06-21T11:53:29,264][INFO ][o.e.p.PluginsService     ] [node-1] loaded module [x-pack-ilm]
[2020-06-21T11:53:29,264][INFO ][o.e.p.PluginsService     ] [node-1] loaded module [x-pack-logstash]
[2020-06-21T11:53:29,264][INFO ][o.e.p.PluginsService     ] [node-1] loaded module [x-pack-ml]
[2020-06-21T11:53:29,264][INFO ][o.e.p.PluginsService     ] [node-1] loaded module [x-pack-monitoring]
[2020-06-21T11:53:29,265][INFO ][o.e.p.PluginsService     ] [node-1] loaded module [x-pack-rollup]
[2020-06-21T11:53:29,265][INFO ][o.e.p.PluginsService     ] [node-1] loaded module [x-pack-security]
[2020-06-21T11:53:29,265][INFO ][o.e.p.PluginsService     ] [node-1] loaded module [x-pack-sql]
[2020-06-21T11:53:29,265][INFO ][o.e.p.PluginsService     ] [node-1] loaded module [x-pack-watcher]
[2020-06-21T11:53:29,266][INFO ][o.e.p.PluginsService     ] [node-1] no plugins loaded
[2020-06-21T11:53:30,041][INFO ][i.n.u.i.PlatformDependent] [node-1] Your platform does not provide complete low-level API for accessing direct buffers reliably. Unless explicitly requested, heap buffer will always be preferred to avoid potential system instability.
[2020-06-21T11:53:37,394][INFO ][o.e.x.m.p.l.CppLogMessageHandler] [node-1] [controller/1536] [Main.cc@110] controller (64 bit): Version 7.2.1 (Build 4ad685337be7fd) Copyright (c) 2019 Elasticsearch BV
[2020-06-21T11:53:38,244][DEBUG][o.e.a.ActionModule       ] [node-1] Using REST wrapper from plugin org.elasticsearch.xpack.security.Security
[2020-06-21T11:53:38,320][INFO ][i.n.u.i.PlatformDependent] [node-1] Your platform does not provide complete low-level API for accessing direct buffers reliably. Unless explicitly requested, heap buffer will always be preferred to avoid potential system instability.
[2020-06-21T11:53:38,679][INFO ][o.e.d.DiscoveryModule    ] [node-1] using discovery type [zen] and seed hosts providers [settings]
[2020-06-21T11:53:40,210][INFO ][o.e.n.Node               ] [node-1] initialized
[2020-06-21T11:53:40,210][INFO ][o.e.n.Node               ] [node-1] starting ...
[2020-06-21T11:53:41,543][INFO ][o.e.t.TransportService   ] [node-1] publish_address {127.0.0.1:9300}, bound_addresses {127.0.0.1:9300}, {[::1]:9300}
[2020-06-21T11:53:41,562][WARN ][o.e.b.BootstrapChecks    ] [node-1] initial heap size [251658240] not equal to maximum heap size [4013948928]; this can cause resize pauses and prevents mlockall from locking the entire heap
[2020-06-21T11:53:41,562][WARN ][o.e.b.BootstrapChecks    ] [node-1] the default discovery settings are unsuitable for production use; at least one of [discovery.seed_hosts, discovery.seed_providers, cluster.initial_master_nodes] must be configured
[2020-06-21T11:53:41,593][INFO ][o.e.c.c.ClusterBootstrapService] [node-1] no discovery configuration found, will perform best-effort cluster bootstrapping after [3s] unless existing master is discovered
[2020-06-21T11:53:44,600][INFO ][o.e.c.c.Coordinator      ] [node-1] setting initial configuration to VotingConfiguration{E88oRrJFTdSODmyZgyoXjQ}
[2020-06-21T11:53:44,895][INFO ][o.e.c.s.MasterService    ] [node-1] elected-as-master ([1] nodes joined)[{node-1}{E88oRrJFTdSODmyZgyoXjQ}{Nu6qj1NwRgijNTEI-7bfPw}{127.0.0.1}{127.0.0.1:9300}{ml.machine_memory=16047661056, xpack.installed=true, ml.max_open_jobs=20} elect leader, _BECOME_MASTER_TASK_, _FINISH_ELECTION_], term: 1, version: 1, reason: master node changed {previous [], current [{node-1}{E88oRrJFTdSODmyZgyoXjQ}{Nu6qj1NwRgijNTEI-7bfPw}{127.0.0.1}{127.0.0.1:9300}{ml.machine_memory=16047661056, xpack.installed=true, ml.max_open_jobs=20}]}
[2020-06-21T11:53:44,952][INFO ][o.e.c.c.CoordinationState] [node-1] cluster UUID set to [lp24YgHUSBiludikdNuL8A]
[2020-06-21T11:53:44,982][INFO ][o.e.c.s.ClusterApplierService] [node-1] master node changed {previous [], current [{node-1}{E88oRrJFTdSODmyZgyoXjQ}{Nu6qj1NwRgijNTEI-7bfPw}{127.0.0.1}{127.0.0.1:9300}{ml.machine_memory=16047661056, xpack.installed=true, ml.max_open_jobs=20}]}, term: 1, version: 1, reason: Publication{term=1, version=1}
[2020-06-21T11:53:45,162][INFO ][o.e.g.GatewayService     ] [node-1] recovered [0] indices into cluster_state
[2020-06-21T11:53:45,490][INFO ][o.e.c.m.MetaDataIndexTemplateService] [node-1] adding template [.watches] for index patterns [.watches*]
[2020-06-21T11:53:45,573][INFO ][o.e.c.m.MetaDataIndexTemplateService] [node-1] adding template [.watch-history-9] for index patterns [.watcher-history-9*]
[2020-06-21T11:53:45,611][INFO ][o.e.c.m.MetaDataIndexTemplateService] [node-1] adding template [.triggered_watches] for index patterns [.triggered_watches*]
[2020-06-21T11:53:45,653][INFO ][o.e.c.m.MetaDataIndexTemplateService] [node-1] adding template [.monitoring-logstash] for index patterns [.monitoring-logstash-7-*]
[2020-06-21T11:53:45,712][INFO ][o.e.c.m.MetaDataIndexTemplateService] [node-1] adding template [.monitoring-es] for index patterns [.monitoring-es-7-*]
[2020-06-21T11:53:45,777][INFO ][o.e.c.m.MetaDataIndexTemplateService] [node-1] adding template [.monitoring-beats] for index patterns [.monitoring-beats-7-*]
[2020-06-21T11:53:45,825][INFO ][o.e.c.m.MetaDataIndexTemplateService] [node-1] adding template [.monitoring-alerts-7] for index patterns [.monitoring-alerts-7]
[2020-06-21T11:53:45,873][INFO ][o.e.c.m.MetaDataIndexTemplateService] [node-1] adding template [.monitoring-kibana] for index patterns [.monitoring-kibana-7-*]
[2020-06-21T11:53:46,013][INFO ][o.e.l.LicenseService     ] [node-1] license [fae15ae6-e50a-4ca6-bfb7-5c634b0be3a9] mode [basic] - valid
[2020-06-21T11:53:46,013][INFO ][o.e.h.AbstractHttpServerTransport] [node-1] publish_address {127.0.0.1:9200}, bound_addresses {127.0.0.1:9200}, {[::1]:9200}
[2020-06-21T11:53:46,015][INFO ][o.e.n.Node               ] [node-1] started
[2020-06-21T11:53:46,024][INFO ][o.e.x.i.a.TransportPutLifecycleAction] [node-1] adding index lifecycle policy [watch-history-ilm-policy]
[2020-06-21T12:00:15,523][INFO ][o.e.c.m.MetaDataCreateIndexService] [node-1] [twitter] creating index, cause [auto(bulk api)], templates [], shards [1]/[1], mappings []
[2020-06-21T12:00:15,969][INFO ][o.e.c.m.MetaDataMappingService] [node-1] [twitter/Kf7JdzChQPyz8YbbOt0CCg] create_mapping [_doc]
